Base path: 'C:/Program Files/Unity/Hub/Editor/2019.4.40f1/Editor/Data', plugins path 'C:/Program Files/Unity/Hub/Editor/2019.4.40f1/Editor/Data/PlaybackEngines'
Cmd: initializeCompiler
Cmd: compileComputeKernel
  api=4 insize=18337 outsize=8653 ok=1
Cmd: compileComputeKernel
  api=4 insize=18337 outsize=10714 ok=1
Cmd: compileComputeKernel
  api=4 insize=5017 outsize=9142 ok=1
Cmd: compileComputeKernel
  api=9 insize=5017 outsize=10976 ok=1
Cmd: compileComputeKernel
  api=4 insize=3190 outsize=48128 ok=1
Cmd: compileComputeKernel
  api=4 insize=10935 outsize=9840 ok=1
Cmd: compileComputeKernel
  api=4 insize=2098 outsize=1000 ok=1
Cmd: compileComputeKernel
  api=4 insize=3246 outsize=375 ok=1
Cmd: compileSnippet
  api=4 type=1 insize=731 outsize=606 kw=ETC1_EXTERNAL_ALPHA pd=UNITY_NO_DXT5nm UNITY_ENABLE_REFLECTION_BUFFERS UNITY_NO_CUBEMAP_ARRAY UNITY_NO_SCREENSPACE_SHADOWS UNITY_PBS_USE_BRDF2 SHADER_API_DESKTOP UNITY_HARDWARE_TIER3 UNITY_COLORSPACE_GAMMA UNITY_LIGHTMAP_DLDR_ENCODING ok=1
Cmd: shutdown
